  BlackJack.cpp
F:\DZ_Geek_Brains\OOP\BlackJack\BlackJack.cpp(94,25): error C2022: 9827: слишком большое значение для знака
F:\DZ_Geek_Brains\OOP\BlackJack\BlackJack.cpp(94,35): error C2022: 9830: слишком большое значение для знака
F:\DZ_Geek_Brains\OOP\BlackJack\BlackJack.cpp(94,45): error C2022: 9829: слишком большое значение для знака
F:\DZ_Geek_Brains\OOP\BlackJack\BlackJack.cpp(94,55): error C2022: 9824: слишком большое значение для знака
F:\DZ_Geek_Brains\OOP\BlackJack\BlackJack.cpp(98,34): error C2679: бинарный "<<": не найден оператор, принимающий правый операнд типа "std::string" (или приемлемое преобразование отсутствует)
C:\Program Files\Microsoft Visual Studio\2022\Community\VC\Tools\MSVC\14.30.30705\include\ostream(464,39): message : может быть "std::basic_ostream<wchar_t,std::char_traits<wchar_t>> &std::basic_ostream<wchar_t,std::char_traits<wchar_t>>::operator <<(std::basic_streambuf<wchar_t,std::char_traits<wchar_t>> *)"
C:\Program Files\Microsoft Visual Studio\2022\Community\VC\Tools\MSVC\14.30.30705\include\ostream(439,39): message : или       "std::basic_ostream<wchar_t,std::char_traits<wchar_t>> &std::basic_ostream<wchar_t,std::char_traits<wchar_t>>::operator <<(const void *)"
C:\Program Files\Microsoft Visual Studio\2022\Community\VC\Tools\MSVC\14.30.30705\include\ostream(421,39): message : или       "std::basic_ostream<wchar_t,std::char_traits<wchar_t>> &std::basic_ostream<wchar_t,std::char_traits<wchar_t>>::operator <<(long double)"
C:\Program Files\Microsoft Visual Studio\2022\Community\VC\Tools\MSVC\14.30.30705\include\ostream(403,39): message : или       "std::basic_ostream<wchar_t,std::char_traits<wchar_t>> &std::basic_ostream<wchar_t,std::char_traits<wchar_t>>::operator <<(double)"
C:\Program Files\Microsoft Visual Studio\2022\Community\VC\Tools\MSVC\14.30.30705\include\ostream(385,39): message : или       "std::basic_ostream<wchar_t,std::char_traits<wchar_t>> &std::basic_ostream<wchar_t,std::char_traits<wchar_t>>::operator <<(float)"
C:\Program Files\Microsoft Visual Studio\2022\Community\VC\Tools\MSVC\14.30.30705\include\ostream(367,39): message : или       "std::basic_ostream<wchar_t,std::char_traits<wchar_t>> &std::basic_ostream<wchar_t,std::char_traits<wchar_t>>::operator <<(unsigned __int64)"
C:\Program Files\Microsoft Visual Studio\2022\Community\VC\Tools\MSVC\14.30.30705\include\ostream(349,39): message : или       "std::basic_ostream<wchar_t,std::char_traits<wchar_t>> &std::basic_ostream<wchar_t,std::char_traits<wchar_t>>::operator <<(__int64)"
C:\Program Files\Microsoft Visual Studio\2022\Community\VC\Tools\MSVC\14.30.30705\include\ostream(331,39): message : или       "std::basic_ostream<wchar_t,std::char_traits<wchar_t>> &std::basic_ostream<wchar_t,std::char_traits<wchar_t>>::operator <<(unsigned long)"
C:\Program Files\Microsoft Visual Studio\2022\Community\VC\Tools\MSVC\14.30.30705\include\ostream(313,39): message : или       "std::basic_ostream<wchar_t,std::char_traits<wchar_t>> &std::basic_ostream<wchar_t,std::char_traits<wchar_t>>::operator <<(long)"
C:\Program Files\Microsoft Visual Studio\2022\Community\VC\Tools\MSVC\14.30.30705\include\ostream(294,39): message : или       "std::basic_ostream<wchar_t,std::char_traits<wchar_t>> &std::basic_ostream<wchar_t,std::char_traits<wchar_t>>::operator <<(unsigned int)"
C:\Program Files\Microsoft Visual Studio\2022\Community\VC\Tools\MSVC\14.30.30705\include\ostream(268,39): message : или       "std::basic_ostream<wchar_t,std::char_traits<wchar_t>> &std::basic_ostream<wchar_t,std::char_traits<wchar_t>>::operator <<(int)"
C:\Program Files\Microsoft Visual Studio\2022\Community\VC\Tools\MSVC\14.30.30705\include\ostream(249,39): message : или       "std::basic_ostream<wchar_t,std::char_traits<wchar_t>> &std::basic_ostream<wchar_t,std::char_traits<wchar_t>>::operator <<(unsigned short)"
C:\Program Files\Microsoft Visual Studio\2022\Community\VC\Tools\MSVC\14.30.30705\include\ostream(215,39): message : или       "std::basic_ostream<wchar_t,std::char_traits<wchar_t>> &std::basic_ostream<wchar_t,std::char_traits<wchar_t>>::operator <<(short)"
C:\Program Files\Microsoft Visual Studio\2022\Community\VC\Tools\MSVC\14.30.30705\include\ostream(197,39): message : или       "std::basic_ostream<wchar_t,std::char_traits<wchar_t>> &std::basic_ostream<wchar_t,std::char_traits<wchar_t>>::operator <<(bool)"
C:\Program Files\Microsoft Visual Studio\2022\Community\VC\Tools\MSVC\14.30.30705\include\ostream(192,39): message : или       "std::basic_ostream<wchar_t,std::char_traits<wchar_t>> &std::basic_ostream<wchar_t,std::char_traits<wchar_t>>::operator <<(std::ios_base &(__cdecl *)(std::ios_base &))"
C:\Program Files\Microsoft Visual Studio\2022\Community\VC\Tools\MSVC\14.30.30705\include\ostream(187,39): message : или       "std::basic_ostream<wchar_t,std::char_traits<wchar_t>> &std::basic_ostream<wchar_t,std::char_traits<wchar_t>>::operator <<(std::basic_ios<wchar_t,std::char_traits<wchar_t>> &(__cdecl *)(std::basic_ios<wchar_t,std::char_traits<wchar_t>> &))"
C:\Program Files\Microsoft Visual Studio\2022\Community\VC\Tools\MSVC\14.30.30705\include\ostream(182,39): message : или       "std::basic_ostream<wchar_t,std::char_traits<wchar_t>> &std::basic_ostream<wchar_t,std::char_traits<wchar_t>>::operator <<(std::basic_ostream<wchar_t,std::char_traits<wchar_t>> &(__cdecl *)(std::basic_ostream<wchar_t,std::char_traits<wchar_t>> &))"
F:\DZ_Geek_Brains\OOP\BlackJack\BlackJack.cpp(90,11): message : или       "std::wostream &operator <<(std::wostream &,const Card &)"
F:\DZ_Geek_Brains\OOP\BlackJack\BlackJack.cpp(98,34): message : при попытке сопоставить список аргументов "(std::wostream, std::string)"
F:\DZ_Geek_Brains\OOP\BlackJack\BlackJack.cpp(219,29): error C2678: бинарный "<<": не найден оператор, принимающий левый операнд типа "std::ostream" (или приемлемое преобразование отсутствует)
C:\Program Files\Microsoft Visual Studio\2022\Community\VC\Tools\MSVC\14.30.30705\include\ostream(464,39): message : может быть "std::basic_ostream<char,std::char_traits<char>> &std::basic_ostream<char,std::char_traits<char>>::operator <<(std::basic_streambuf<char,std::char_traits<char>> *)"
C:\Program Files\Microsoft Visual Studio\2022\Community\VC\Tools\MSVC\14.30.30705\include\ostream(439,39): message : или       "std::basic_ostream<char,std::char_traits<char>> &std::basic_ostream<char,std::char_traits<char>>::operator <<(const void *)"
C:\Program Files\Microsoft Visual Studio\2022\Community\VC\Tools\MSVC\14.30.30705\include\ostream(421,39): message : или       "std::basic_ostream<char,std::char_traits<char>> &std::basic_ostream<char,std::char_traits<char>>::operator <<(long double)"
C:\Program Files\Microsoft Visual Studio\2022\Community\VC\Tools\MSVC\14.30.30705\include\ostream(403,39): message : или       "std::basic_ostream<char,std::char_traits<char>> &std::basic_ostream<char,std::char_traits<char>>::operator <<(double)"
C:\Program Files\Microsoft Visual Studio\2022\Community\VC\Tools\MSVC\14.30.30705\include\ostream(385,39): message : или       "std::basic_ostream<char,std::char_traits<char>> &std::basic_ostream<char,std::char_traits<char>>::operator <<(float)"
C:\Program Files\Microsoft Visual Studio\2022\Community\VC\Tools\MSVC\14.30.30705\include\ostream(367,39): message : или       "std::basic_ostream<char,std::char_traits<char>> &std::basic_ostream<char,std::char_traits<char>>::operator <<(unsigned __int64)"
C:\Program Files\Microsoft Visual Studio\2022\Community\VC\Tools\MSVC\14.30.30705\include\ostream(349,39): message : или       "std::basic_ostream<char,std::char_traits<char>> &std::basic_ostream<char,std::char_traits<char>>::operator <<(__int64)"
C:\Program Files\Microsoft Visual Studio\2022\Community\VC\Tools\MSVC\14.30.30705\include\ostream(331,39): message : или       "std::basic_ostream<char,std::char_traits<char>> &std::basic_ostream<char,std::char_traits<char>>::operator <<(unsigned long)"
C:\Program Files\Microsoft Visual Studio\2022\Community\VC\Tools\MSVC\14.30.30705\include\ostream(313,39): message : или       "std::basic_ostream<char,std::char_traits<char>> &std::basic_ostream<char,std::char_traits<char>>::operator <<(long)"
C:\Program Files\Microsoft Visual Studio\2022\Community\VC\Tools\MSVC\14.30.30705\include\ostream(294,39): message : или       "std::basic_ostream<char,std::char_traits<char>> &std::basic_ostream<char,std::char_traits<char>>::operator <<(unsigned int)"
C:\Program Files\Microsoft Visual Studio\2022\Community\VC\Tools\MSVC\14.30.30705\include\ostream(268,39): message : или       "std::basic_ostream<char,std::char_traits<char>> &std::basic_ostream<char,std::char_traits<char>>::operator <<(int)"
C:\Program Files\Microsoft Visual Studio\2022\Community\VC\Tools\MSVC\14.30.30705\include\ostream(249,39): message : или       "std::basic_ostream<char,std::char_traits<char>> &std::basic_ostream<char,std::char_traits<char>>::operator <<(unsigned short)"
C:\Program Files\Microsoft Visual Studio\2022\Community\VC\Tools\MSVC\14.30.30705\include\ostream(215,39): message : или       "std::basic_ostream<char,std::char_traits<char>> &std::basic_ostream<char,std::char_traits<char>>::operator <<(short)"
C:\Program Files\Microsoft Visual Studio\2022\Community\VC\Tools\MSVC\14.30.30705\include\ostream(197,39): message : или       "std::basic_ostream<char,std::char_traits<char>> &std::basic_ostream<char,std::char_traits<char>>::operator <<(bool)"
C:\Program Files\Microsoft Visual Studio\2022\Community\VC\Tools\MSVC\14.30.30705\include\ostream(192,39): message : или       "std::basic_ostream<char,std::char_traits<char>> &std::basic_ostream<char,std::char_traits<char>>::operator <<(std::ios_base &(__cdecl *)(std::ios_base &))"
C:\Program Files\Microsoft Visual Studio\2022\Community\VC\Tools\MSVC\14.30.30705\include\ostream(187,39): message : или       "std::basic_ostream<char,std::char_traits<char>> &std::basic_ostream<char,std::char_traits<char>>::operator <<(std::basic_ios<char,std::char_traits<char>> &(__cdecl *)(std::basic_ios<char,std::char_traits<char>> &))"
C:\Program Files\Microsoft Visual Studio\2022\Community\VC\Tools\MSVC\14.30.30705\include\ostream(182,39): message : или       "std::basic_ostream<char,std::char_traits<char>> &std::basic_ostream<char,std::char_traits<char>>::operator <<(std::basic_ostream<char,std::char_traits<char>> &(__cdecl *)(std::basic_ostream<char,std::char_traits<char>> &))"
F:\DZ_Geek_Brains\OOP\BlackJack\BlackJack.cpp(210,10): message : или       "std::ostream &operator <<(std::ostream &,const GenericPlayer &)"
F:\DZ_Geek_Brains\OOP\BlackJack\BlackJack.cpp(90,11): message : или       "std::wostream &operator <<(std::wostream &,const Card &)"
F:\DZ_Geek_Brains\OOP\BlackJack\BlackJack.cpp(219,29): message : при попытке сопоставить список аргументов "(std::ostream, Card)"
